[2019-03-04 11:42:33] local.ERROR: SQLSTATE[42000]: Syntax error or access violation: 1071 Specified key was too long; max key length is 767 bytes (SQL: alter table `users` add unique `users_email_unique`(`email`)) {"exception":"[object] (Illuminate\\Database\\QueryException(code: 42000): SQLSTATE[42000]: Syntax error or access violation: 1071 Specified key was too long; max key length is 767 bytes (SQL: alter table `users` add unique `users_email_unique`(`email`)) at D:\\XAMPP\\xampp\\htdocs\\lar.tuto\\lar.tuto\\authen2\\vendor\\laravel\\framework\\src\\Illuminate\\Database\\Connection.php:664, PDOException(code: 42000): SQLSTATE[42000]: Syntax error or access violation: 1071 Specified key was too long; max key length is 767 bytes at D:\\XAMPP\\xampp\\htdocs\\lar.tuto\\lar.tuto\\authen2\\vendor\\laravel\\framework\\src\\Illuminate\\Database\\Connection.php:458)
[stacktrace]
#0 D:\\XAMPP\\xampp\\htdocs\\lar.tuto\\lar.tuto\\authen2\\vendor\\laravel\\framework\\src\\Illuminate\\Database\\Connection.php(624): Illuminate\\Database\\Connection->runQueryCallback('alter table `us...', Array, Object(Closure))
#1 D:\\XAMPP\\xampp\\htdocs\\lar.tuto\\lar.tuto\\authen2\\vendor\\laravel\\framework\\src\\Illuminate\\Database\\Connection.php(459): Illuminate\\Database\\Connection->run('alter table `us...', Array, Object(Closure))
#2 D:\\XAMPP\\xampp\\htdocs\\lar.tuto\\lar.tuto\\authen2\\vendor\\laravel\\framework\\src\\Illuminate\\Database\\Schema\\Blueprint.php(97): Illuminate\\Database\\Connection->statement('alter table `us...')
#3 D:\\XAMPP\\xampp\\htdocs\\lar.tuto\\lar.tuto\\authen2\\vendor\\laravel\\framework\\src\\Illuminate\\Database\\Schema\\Builder.php(264): Illuminate\\Database\\Schema\\Blueprint->build(Object(Illuminate\\Database\\MySqlConnection), Object(Illuminate\\Database\\Schema\\Grammars\\MySqlGrammar))
#4 D:\\XAMPP\\xampp\\htdocs\\lar.tuto\\lar.tuto\\authen2\\vendor\\laravel\\framework\\src\\Illuminate\\Database\\Schema\\Builder.php(165): Illuminate\\Database\\Schema\\Builder->build(Object(Illuminate\\Database\\Schema\\Blueprint))
#5 D:\\XAMPP\\xampp\\htdocs\\lar.tuto\\lar.tuto\\authen2\\vendor\\laravel\\framework\\src\\Illuminate\\Support\\Facades\\Facade.php(237): Illuminate\\Database\\Schema\\Builder->create('users', Object(Closure))
#6 D:\\XAMPP\\xampp\\htdocs\\lar.tuto\\lar.tuto\\authen2\\database\\migrations\\2014_10_12_000000_create_users_table.php(24): Illuminate\\Support\\Facades\\Facade::__callStatic('create', Array)
#7 D:\\XAMPP\\xampp\\htdocs\\lar.tuto\\lar.tuto\\authen2\\vendor\\laravel\\framework\\src\\Illuminate\\Database\\Migrations\\Migrator.php(360): CreateUsersTable->up()
#8 D:\\XAMPP\\xampp\\htdocs\\lar.tuto\\lar.tuto\\authen2\\vendor\\laravel\\framework\\src\\Illuminate\\Database\\Migrations\\Migrator.php(367): Illuminate\\Database\\Migrations\\Migrator->Illuminate\\Database\\Migrations\\{closure}()
#9 D:\\XAMPP\\xampp\\htdocs\\lar.tuto\\lar.tuto\\authen2\\vendor\\laravel\\framework\\src\\Illuminate\\Database\\Migrations\\Migrator.php(178): Illuminate\\Database\\Migrations\\Migrator->runMigration(Object(CreateUsersTable), 'up')
#10 D:\\XAMPP\\xampp\\htdocs\\lar.tuto\\lar.tuto\\authen2\\vendor\\laravel\\framework\\src\\Illuminate\\Database\\Migrations\\Migrator.php(147): Illuminate\\Database\\Migrations\\Migrator->runUp('D:\\\\XAMPP\\\\xampp\\\\...', 1, false)
#11 D:\\XAMPP\\xampp\\htdocs\\lar.tuto\\lar.tuto\\authen2\\vendor\\laravel\\framework\\src\\Illuminate\\Database\\Migrations\\Migrator.php(96): Illuminate\\Database\\Migrations\\Migrator->runPending(Array, Array)
#12 D:\\XAMPP\\xampp\\htdocs\\lar.tuto\\lar.tuto\\authen2\\vendor\\laravel\\framework\\src\\Illuminate\\Database\\Console\\Migrations\\MigrateCommand.php(71): Illuminate\\Database\\Migrations\\Migrator->run(Array, Array)
#13 [internal function]: Illuminate\\Database\\Console\\Migrations\\MigrateCommand->handle()
#14 D:\\XAMPP\\xampp\\htdocs\\lar.tuto\\lar.tuto\\authen2\\vendor\\laravel\\framework\\src\\Illuminate\\Container\\BoundMethod.php(32): call_user_func_array(Array, Array)
#15 D:\\XAMPP\\xampp\\htdocs\\lar.tuto\\lar.tuto\\authen2\\vendor\\laravel\\framework\\src\\Illuminate\\Container\\BoundMethod.php(90): Illuminate\\Container\\BoundMethod::Illuminate\\Container\\{closure}()
#16 D:\\XAMPP\\xampp\\htdocs\\lar.tuto\\lar.tuto\\authen2\\vendor\\laravel\\framework\\src\\Illuminate\\Container\\BoundMethod.php(34): Illuminate\\Container\\BoundMethod::callBoundMethod(Object(Illuminate\\Foundation\\Application), Array, Object(Closure))
#17 D:\\XAMPP\\xampp\\htdocs\\lar.tuto\\lar.tuto\\authen2\\vendor\\laravel\\framework\\src\\Illuminate\\Container\\Container.php(580): Illuminate\\Container\\BoundMethod::call(Object(Illuminate\\Foundation\\Application), Array, Array, NULL)
#18 D:\\XAMPP\\xampp\\htdocs\\lar.tuto\\lar.tuto\\authen2\\vendor\\laravel\\framework\\src\\Illuminate\\Console\\Command.php(183): Illuminate\\Container\\Container->call(Array)
#19 D:\\XAMPP\\xampp\\htdocs\\lar.tuto\\lar.tuto\\authen2\\vendor\\symfony\\console\\Command\\Command.php(255): Illuminate\\Console\\Command->execute(Object(Symfony\\Component\\Console\\Input\\ArgvInput), Object(Illuminate\\Console\\OutputStyle))
#20 D:\\XAMPP\\xampp\\htdocs\\lar.tuto\\lar.tuto\\authen2\\vendor\\laravel\\framework\\src\\Illuminate\\Console\\Command.php(170): Symfony\\Component\\Console\\Command\\Command->run(Object(Symfony\\Component\\Console\\Input\\ArgvInput), Object(Illuminate\\Console\\OutputStyle))
#21 D:\\XAMPP\\xampp\\htdocs\\lar.tuto\\lar.tuto\\authen2\\vendor\\symfony\\console\\Application.php(908): Illuminate\\Console\\Command->run(Object(Symfony\\Component\\Console\\Input\\ArgvInput), Object(Symfony\\Component\\Console\\Output\\ConsoleOutput))
#22 D:\\XAMPP\\xampp\\htdocs\\lar.tuto\\lar.tuto\\authen2\\vendor\\symfony\\console\\Application.php(269): Symfony\\Component\\Console\\Application->doRunCommand(Object(Illuminate\\Database\\Console\\Migrations\\MigrateCommand), Object(Symfony\\Component\\Console\\Input\\ArgvInput), Object(Symfony\\Component\\Console\\Output\\ConsoleOutput))
#23 D:\\XAMPP\\xampp\\htdocs\\lar.tuto\\lar.tuto\\authen2\\vendor\\symfony\\console\\Application.php(145): Symfony\\Component\\Console\\Application->doRun(Object(Symfony\\Component\\Console\\Input\\ArgvInput), Object(Symfony\\Component\\Console\\Output\\ConsoleOutput))
#24 D:\\XAMPP\\xampp\\htdocs\\lar.tuto\\lar.tuto\\authen2\\vendor\\laravel\\framework\\src\\Illuminate\\Console\\Application.php(90): Symfony\\Component\\Console\\Application->run(Object(Symfony\\Component\\Console\\Input\\ArgvInput), Object(Symfony\\Component\\Console\\Output\\ConsoleOutput))
#25 D:\\XAMPP\\xampp\\htdocs\\lar.tuto\\lar.tuto\\authen2\\vendor\\laravel\\framework\\src\\Illuminate\\Foundation\\Console\\Kernel.php(122): Illuminate\\Console\\Application->run(Object(Symfony\\Component\\Console\\Input\\ArgvInput), Object(Symfony\\Component\\Console\\Output\\ConsoleOutput))
#26 D:\\XAMPP\\xampp\\htdocs\\lar.tuto\\lar.tuto\\authen2\\artisan(37): Illuminate\\Foundation\\Console\\Kernel->handle(Object(Symfony\\Component\\Console\\Input\\ArgvInput), Object(Symfony\\Component\\Console\\Output\\ConsoleOutput))
#27 {main}
"} 
[2019-03-04 12:56:38] local.ERROR: Class App\Http\Controllers\AdminContronller does not exist {"exception":"[object] (ReflectionException(code: -1): Class App\\Http\\Controllers\\AdminContronller does not exist at D:\\XAMPP\\xampp\\htdocs\\lar.tuto\\lar.tuto\\authen2\\vendor\\laravel\\framework\\src\\Illuminate\\Container\\Container.php:794)
[stacktrace]
#0 D:\\XAMPP\\xampp\\htdocs\\lar.tuto\\lar.tuto\\authen2\\vendor\\laravel\\framework\\src\\Illuminate\\Container\\Container.php(794): ReflectionClass->__construct('App\\\\Http\\\\Contro...')
#1 D:\\XAMPP\\xampp\\htdocs\\lar.tuto\\lar.tuto\\authen2\\vendor\\laravel\\framework\\src\\Illuminate\\Container\\Container.php(671): Illuminate\\Container\\Container->build('App\\\\Http\\\\Contro...')
#2 D:\\XAMPP\\xampp\\htdocs\\lar.tuto\\lar.tuto\\authen2\\vendor\\laravel\\framework\\src\\Illuminate\\Container\\Container.php(619): Illuminate\\Container\\Container->resolve('App\\\\Http\\\\Contro...', Array)
#3 D:\\XAMPP\\xampp\\htdocs\\lar.tuto\\lar.tuto\\authen2\\vendor\\laravel\\framework\\src\\Illuminate\\Foundation\\Application.php(757): Illuminate\\Container\\Container->make('App\\\\Http\\\\Contro...', Array)
#4 D:\\XAMPP\\xampp\\htdocs\\lar.tuto\\lar.tuto\\authen2\\vendor\\laravel\\framework\\src\\Illuminate\\Routing\\Route.php(233): Illuminate\\Foundation\\Application->make('App\\\\Http\\\\Contro...')
#5 D:\\XAMPP\\xampp\\htdocs\\lar.tuto\\lar.tuto\\authen2\\vendor\\laravel\\framework\\src\\Illuminate\\Routing\\Route.php(833): Illuminate\\Routing\\Route->getController()
#6 D:\\XAMPP\\xampp\\htdocs\\lar.tuto\\lar.tuto\\authen2\\vendor\\laravel\\framework\\src\\Illuminate\\Routing\\Route.php(794): Illuminate\\Routing\\Route->controllerMiddleware()
#7 D:\\XAMPP\\xampp\\htdocs\\lar.tuto\\lar.tuto\\authen2\\vendor\\laravel\\framework\\src\\Illuminate\\Foundation\\Console\\RouteListCommand.php(167): Illuminate\\Routing\\Route->gatherMiddleware()
#8 D:\\XAMPP\\xampp\\htdocs\\lar.tuto\\lar.tuto\\authen2\\vendor\\laravel\\framework\\src\\Illuminate\\Foundation\\Console\\RouteListCommand.php(117): Illuminate\\Foundation\\Console\\RouteListCommand->getMiddleware(Object(Illuminate\\Routing\\Route))
#9 D:\\XAMPP\\xampp\\htdocs\\lar.tuto\\lar.tuto\\authen2\\vendor\\laravel\\framework\\src\\Illuminate\\Foundation\\Console\\RouteListCommand.php(89): Illuminate\\Foundation\\Console\\RouteListCommand->getRouteInformation(Object(Illuminate\\Routing\\Route))
#10 [internal function]: Illuminate\\Foundation\\Console\\RouteListCommand->Illuminate\\Foundation\\Console\\{closure}(Object(Illuminate\\Routing\\Route), 14)
#11 D:\\XAMPP\\xampp\\htdocs\\lar.tuto\\lar.tuto\\authen2\\vendor\\laravel\\framework\\src\\Illuminate\\Support\\Collection.php(1034): array_map(Object(Closure), Array, Array)
#12 D:\\XAMPP\\xampp\\htdocs\\lar.tuto\\lar.tuto\\authen2\\vendor\\laravel\\framework\\src\\Illuminate\\Foundation\\Console\\RouteListCommand.php(90): Illuminate\\Support\\Collection->map(Object(Closure))
#13 D:\\XAMPP\\xampp\\htdocs\\lar.tuto\\lar.tuto\\authen2\\vendor\\laravel\\framework\\src\\Illuminate\\Foundation\\Console\\RouteListCommand.php(74): Illuminate\\Foundation\\Console\\RouteListCommand->getRoutes()
#14 [internal function]: Illuminate\\Foundation\\Console\\RouteListCommand->handle()
#15 D:\\XAMPP\\xampp\\htdocs\\lar.tuto\\lar.tuto\\authen2\\vendor\\laravel\\framework\\src\\Illuminate\\Container\\BoundMethod.php(32): call_user_func_array(Array, Array)
#16 D:\\XAMPP\\xampp\\htdocs\\lar.tuto\\lar.tuto\\authen2\\vendor\\laravel\\framework\\src\\Illuminate\\Container\\BoundMethod.php(90): Illuminate\\Container\\BoundMethod::Illuminate\\Container\\{closure}()
#17 D:\\XAMPP\\xampp\\htdocs\\lar.tuto\\lar.tuto\\authen2\\vendor\\laravel\\framework\\src\\Illuminate\\Container\\BoundMethod.php(34): Illuminate\\Container\\BoundMethod::callBoundMethod(Object(Illuminate\\Foundation\\Application), Array, Object(Closure))
#18 D:\\XAMPP\\xampp\\htdocs\\lar.tuto\\lar.tuto\\authen2\\vendor\\laravel\\framework\\src\\Illuminate\\Container\\Container.php(580): Illuminate\\Container\\BoundMethod::call(Object(Illuminate\\Foundation\\Application), Array, Array, NULL)
#19 D:\\XAMPP\\xampp\\htdocs\\lar.tuto\\lar.tuto\\authen2\\vendor\\laravel\\framework\\src\\Illuminate\\Console\\Command.php(183): Illuminate\\Container\\Container->call(Array)
#20 D:\\XAMPP\\xampp\\htdocs\\lar.tuto\\lar.tuto\\authen2\\vendor\\symfony\\console\\Command\\Command.php(255): Illuminate\\Console\\Command->execute(Object(Symfony\\Component\\Console\\Input\\ArgvInput), Object(Illuminate\\Console\\OutputStyle))
#21 D:\\XAMPP\\xampp\\htdocs\\lar.tuto\\lar.tuto\\authen2\\vendor\\laravel\\framework\\src\\Illuminate\\Console\\Command.php(170): Symfony\\Component\\Console\\Command\\Command->run(Object(Symfony\\Component\\Console\\Input\\ArgvInput), Object(Illuminate\\Console\\OutputStyle))
#22 D:\\XAMPP\\xampp\\htdocs\\lar.tuto\\lar.tuto\\authen2\\vendor\\symfony\\console\\Application.php(908): Illuminate\\Console\\Command->run(Object(Symfony\\Component\\Console\\Input\\ArgvInput), Object(Symfony\\Component\\Console\\Output\\ConsoleOutput))
#23 D:\\XAMPP\\xampp\\htdocs\\lar.tuto\\lar.tuto\\authen2\\vendor\\symfony\\console\\Application.php(269): Symfony\\Component\\Console\\Application->doRunCommand(Object(Illuminate\\Foundation\\Console\\RouteListCommand), Object(Symfony\\Component\\Console\\Input\\ArgvInput), Object(Symfony\\Component\\Console\\Output\\ConsoleOutput))
#24 D:\\XAMPP\\xampp\\htdocs\\lar.tuto\\lar.tuto\\authen2\\vendor\\symfony\\console\\Application.php(145): Symfony\\Component\\Console\\Application->doRun(Object(Symfony\\Component\\Console\\Input\\ArgvInput), Object(Symfony\\Component\\Console\\Output\\ConsoleOutput))
#25 D:\\XAMPP\\xampp\\htdocs\\lar.tuto\\lar.tuto\\authen2\\vendor\\laravel\\framework\\src\\Illuminate\\Console\\Application.php(90): Symfony\\Component\\Console\\Application->run(Object(Symfony\\Component\\Console\\Input\\ArgvInput), Object(Symfony\\Component\\Console\\Output\\ConsoleOutput))
#26 D:\\XAMPP\\xampp\\htdocs\\lar.tuto\\lar.tuto\\authen2\\vendor\\laravel\\framework\\src\\Illuminate\\Foundation\\Console\\Kernel.php(122): Illuminate\\Console\\Application->run(Object(Symfony\\Component\\Console\\Input\\ArgvInput), Object(Symfony\\Component\\Console\\Output\\ConsoleOutput))
#27 D:\\XAMPP\\xampp\\htdocs\\lar.tuto\\lar.tuto\\authen2\\artisan(37): Illuminate\\Foundation\\Console\\Kernel->handle(Object(Symfony\\Component\\Console\\Input\\ArgvInput), Object(Symfony\\Component\\Console\\Output\\ConsoleOutput))
#28 {main}
"} 
[2019-03-04 12:57:23] local.ERROR: Class App\Http\Controllers\AdminContronller does not exist {"exception":"[object] (ReflectionException(code: -1): Class App\\Http\\Controllers\\AdminContronller does not exist at D:\\XAMPP\\xampp\\htdocs\\lar.tuto\\lar.tuto\\authen2\\vendor\\laravel\\framework\\src\\Illuminate\\Container\\Container.php:794)
[stacktrace]
#0 D:\\XAMPP\\xampp\\htdocs\\lar.tuto\\lar.tuto\\authen2\\vendor\\laravel\\framework\\src\\Illuminate\\Container\\Container.php(794): ReflectionClass->__construct('App\\\\Http\\\\Contro...')
#1 D:\\XAMPP\\xampp\\htdocs\\lar.tuto\\lar.tuto\\authen2\\vendor\\laravel\\framework\\src\\Illuminate\\Container\\Container.php(671): Illuminate\\Container\\Container->build('App\\\\Http\\\\Contro...')
#2 D:\\XAMPP\\xampp\\htdocs\\lar.tuto\\lar.tuto\\authen2\\vendor\\laravel\\framework\\src\\Illuminate\\Container\\Container.php(619): Illuminate\\Container\\Container->resolve('App\\\\Http\\\\Contro...', Array)
#3 D:\\XAMPP\\xampp\\htdocs\\lar.tuto\\lar.tuto\\authen2\\vendor\\laravel\\framework\\src\\Illuminate\\Foundation\\Application.php(757): Illuminate\\Container\\Container->make('App\\\\Http\\\\Contro...', Array)
#4 D:\\XAMPP\\xampp\\htdocs\\lar.tuto\\lar.tuto\\authen2\\vendor\\laravel\\framework\\src\\Illuminate\\Routing\\Route.php(233): Illuminate\\Foundation\\Application->make('App\\\\Http\\\\Contro...')
#5 D:\\XAMPP\\xampp\\htdocs\\lar.tuto\\lar.tuto\\authen2\\vendor\\laravel\\framework\\src\\Illuminate\\Routing\\Route.php(833): Illuminate\\Routing\\Route->getController()
#6 D:\\XAMPP\\xampp\\htdocs\\lar.tuto\\lar.tuto\\authen2\\vendor\\laravel\\framework\\src\\Illuminate\\Routing\\Route.php(794): Illuminate\\Routing\\Route->controllerMiddleware()
#7 D:\\XAMPP\\xampp\\htdocs\\lar.tuto\\lar.tuto\\authen2\\vendor\\laravel\\framework\\src\\Illuminate\\Foundation\\Console\\RouteListCommand.php(167): Illuminate\\Routing\\Route->gatherMiddleware()
#8 D:\\XAMPP\\xampp\\htdocs\\lar.tuto\\lar.tuto\\authen2\\vendor\\laravel\\framework\\src\\Illuminate\\Foundation\\Console\\RouteListCommand.php(117): Illuminate\\Foundation\\Console\\RouteListCommand->getMiddleware(Object(Illuminate\\Routing\\Route))
#9 D:\\XAMPP\\xampp\\htdocs\\lar.tuto\\lar.tuto\\authen2\\vendor\\laravel\\framework\\src\\Illuminate\\Foundation\\Console\\RouteListCommand.php(89): Illuminate\\Foundation\\Console\\RouteListCommand->getRouteInformation(Object(Illuminate\\Routing\\Route))
#10 [internal function]: Illuminate\\Foundation\\Console\\RouteListCommand->Illuminate\\Foundation\\Console\\{closure}(Object(Illuminate\\Routing\\Route), 14)
#11 D:\\XAMPP\\xampp\\htdocs\\lar.tuto\\lar.tuto\\authen2\\vendor\\laravel\\framework\\src\\Illuminate\\Support\\Collection.php(1034): array_map(Object(Closure), Array, Array)
#12 D:\\XAMPP\\xampp\\htdocs\\lar.tuto\\lar.tuto\\authen2\\vendor\\laravel\\framework\\src\\Illuminate\\Foundation\\Console\\RouteListCommand.php(90): Illuminate\\Support\\Collection->map(Object(Closure))
#13 D:\\XAMPP\\xampp\\htdocs\\lar.tuto\\lar.tuto\\authen2\\vendor\\laravel\\framework\\src\\Illuminate\\Foundation\\Console\\RouteListCommand.php(74): Illuminate\\Foundation\\Console\\RouteListCommand->getRoutes()
#14 [internal function]: Illuminate\\Foundation\\Console\\RouteListCommand->handle()
#15 D:\\XAMPP\\xampp\\htdocs\\lar.tuto\\lar.tuto\\authen2\\vendor\\laravel\\framework\\src\\Illuminate\\Container\\BoundMethod.php(32): call_user_func_array(Array, Array)
#16 D:\\XAMPP\\xampp\\htdocs\\lar.tuto\\lar.tuto\\authen2\\vendor\\laravel\\framework\\src\\Illuminate\\Container\\BoundMethod.php(90): Illuminate\\Container\\BoundMethod::Illuminate\\Container\\{closure}()
#17 D:\\XAMPP\\xampp\\htdocs\\lar.tuto\\lar.tuto\\authen2\\vendor\\laravel\\framework\\src\\Illuminate\\Container\\BoundMethod.php(34): Illuminate\\Container\\BoundMethod::callBoundMethod(Object(Illuminate\\Foundation\\Application), Array, Object(Closure))
#18 D:\\XAMPP\\xampp\\htdocs\\lar.tuto\\lar.tuto\\authen2\\vendor\\laravel\\framework\\src\\Illuminate\\Container\\Container.php(580): Illuminate\\Container\\BoundMethod::call(Object(Illuminate\\Foundation\\Application), Array, Array, NULL)
#19 D:\\XAMPP\\xampp\\htdocs\\lar.tuto\\lar.tuto\\authen2\\vendor\\laravel\\framework\\src\\Illuminate\\Console\\Command.php(183): Illuminate\\Container\\Container->call(Array)
#20 D:\\XAMPP\\xampp\\htdocs\\lar.tuto\\lar.tuto\\authen2\\vendor\\symfony\\console\\Command\\Command.php(255): Illuminate\\Console\\Command->execute(Object(Symfony\\Component\\Console\\Input\\ArgvInput), Object(Illuminate\\Console\\OutputStyle))
#21 D:\\XAMPP\\xampp\\htdocs\\lar.tuto\\lar.tuto\\authen2\\vendor\\laravel\\framework\\src\\Illuminate\\Console\\Command.php(170): Symfony\\Component\\Console\\Command\\Command->run(Object(Symfony\\Component\\Console\\Input\\ArgvInput), Object(Illuminate\\Console\\OutputStyle))
#22 D:\\XAMPP\\xampp\\htdocs\\lar.tuto\\lar.tuto\\authen2\\vendor\\symfony\\console\\Application.php(908): Illuminate\\Console\\Command->run(Object(Symfony\\Component\\Console\\Input\\ArgvInput), Object(Symfony\\Component\\Console\\Output\\ConsoleOutput))
#23 D:\\XAMPP\\xampp\\htdocs\\lar.tuto\\lar.tuto\\authen2\\vendor\\symfony\\console\\Application.php(269): Symfony\\Component\\Console\\Application->doRunCommand(Object(Illuminate\\Foundation\\Console\\RouteListCommand), Object(Symfony\\Component\\Console\\Input\\ArgvInput), Object(Symfony\\Component\\Console\\Output\\ConsoleOutput))
#24 D:\\XAMPP\\xampp\\htdocs\\lar.tuto\\lar.tuto\\authen2\\vendor\\symfony\\console\\Application.php(145): Symfony\\Component\\Console\\Application->doRun(Object(Symfony\\Component\\Console\\Input\\ArgvInput), Object(Symfony\\Component\\Console\\Output\\ConsoleOutput))
#25 D:\\XAMPP\\xampp\\htdocs\\lar.tuto\\lar.tuto\\authen2\\vendor\\laravel\\framework\\src\\Illuminate\\Console\\Application.php(90): Symfony\\Component\\Console\\Application->run(Object(Symfony\\Component\\Console\\Input\\ArgvInput), Object(Symfony\\Component\\Console\\Output\\ConsoleOutput))
#26 D:\\XAMPP\\xampp\\htdocs\\lar.tuto\\lar.tuto\\authen2\\vendor\\laravel\\framework\\src\\Illuminate\\Foundation\\Console\\Kernel.php(122): Illuminate\\Console\\Application->run(Object(Symfony\\Component\\Console\\Input\\ArgvInput), Object(Symfony\\Component\\Console\\Output\\ConsoleOutput))
#27 D:\\XAMPP\\xampp\\htdocs\\lar.tuto\\lar.tuto\\authen2\\artisan(37): Illuminate\\Foundation\\Console\\Kernel->handle(Object(Symfony\\Component\\Console\\Input\\ArgvInput), Object(Symfony\\Component\\Console\\Output\\ConsoleOutput))
#28 {main}
"} 
[2019-03-04 13:00:17] local.ERROR: Class App\Http\Controllers\AdminContronller does not exist {"exception":"[object] (ReflectionException(code: -1): Class App\\Http\\Controllers\\AdminContronller does not exist at D:\\XAMPP\\xampp\\htdocs\\lar.tuto\\lar.tuto\\authen2\\vendor\\laravel\\framework\\src\\Illuminate\\Container\\Container.php:794)
[stacktrace]
#0 D:\\XAMPP\\xampp\\htdocs\\lar.tuto\\lar.tuto\\authen2\\vendor\\laravel\\framework\\src\\Illuminate\\Container\\Container.php(794): ReflectionClass->__construct('App\\\\Http\\\\Contro...')
#1 D:\\XAMPP\\xampp\\htdocs\\lar.tuto\\lar.tuto\\authen2\\vendor\\laravel\\framework\\src\\Illuminate\\Container\\Container.php(671): Illuminate\\Container\\Container->build('App\\\\Http\\\\Contro...')
#2 D:\\XAMPP\\xampp\\htdocs\\lar.tuto\\lar.tuto\\authen2\\vendor\\laravel\\framework\\src\\Illuminate\\Container\\Container.php(619): Illuminate\\Container\\Container->resolve('App\\\\Http\\\\Contro...', Array)
#3 D:\\XAMPP\\xampp\\htdocs\\lar.tuto\\lar.tuto\\authen2\\vendor\\laravel\\framework\\src\\Illuminate\\Foundation\\Application.php(757): Illuminate\\Container\\Container->make('App\\\\Http\\\\Contro...', Array)
#4 D:\\XAMPP\\xampp\\htdocs\\lar.tuto\\lar.tuto\\authen2\\vendor\\laravel\\framework\\src\\Illuminate\\Routing\\Route.php(233): Illuminate\\Foundation\\Application->make('App\\\\Http\\\\Contro...')
#5 D:\\XAMPP\\xampp\\htdocs\\lar.tuto\\lar.tuto\\authen2\\vendor\\laravel\\framework\\src\\Illuminate\\Routing\\Route.php(833): Illuminate\\Routing\\Route->getController()
#6 D:\\XAMPP\\xampp\\htdocs\\lar.tuto\\lar.tuto\\authen2\\vendor\\laravel\\framework\\src\\Illuminate\\Routing\\Route.php(794): Illuminate\\Routing\\Route->controllerMiddleware()
#7 D:\\XAMPP\\xampp\\htdocs\\lar.tuto\\lar.tuto\\authen2\\vendor\\laravel\\framework\\src\\Illuminate\\Foundation\\Console\\RouteListCommand.php(167): Illuminate\\Routing\\Route->gatherMiddleware()
#8 D:\\XAMPP\\xampp\\htdocs\\lar.tuto\\lar.tuto\\authen2\\vendor\\laravel\\framework\\src\\Illuminate\\Foundation\\Console\\RouteListCommand.php(117): Illuminate\\Foundation\\Console\\RouteListCommand->getMiddleware(Object(Illuminate\\Routing\\Route))
#9 D:\\XAMPP\\xampp\\htdocs\\lar.tuto\\lar.tuto\\authen2\\vendor\\laravel\\framework\\src\\Illuminate\\Foundation\\Console\\RouteListCommand.php(89): Illuminate\\Foundation\\Console\\RouteListCommand->getRouteInformation(Object(Illuminate\\Routing\\Route))
#10 [internal function]: Illuminate\\Foundation\\Console\\RouteListCommand->Illuminate\\Foundation\\Console\\{closure}(Object(Illuminate\\Routing\\Route), 14)
#11 D:\\XAMPP\\xampp\\htdocs\\lar.tuto\\lar.tuto\\authen2\\vendor\\laravel\\framework\\src\\Illuminate\\Support\\Collection.php(1034): array_map(Object(Closure), Array, Array)
#12 D:\\XAMPP\\xampp\\htdocs\\lar.tuto\\lar.tuto\\authen2\\vendor\\laravel\\framework\\src\\Illuminate\\Foundation\\Console\\RouteListCommand.php(90): Illuminate\\Support\\Collection->map(Object(Closure))
#13 D:\\XAMPP\\xampp\\htdocs\\lar.tuto\\lar.tuto\\authen2\\vendor\\laravel\\framework\\src\\Illuminate\\Foundation\\Console\\RouteListCommand.php(74): Illuminate\\Foundation\\Console\\RouteListCommand->getRoutes()
#14 [internal function]: Illuminate\\Foundation\\Console\\RouteListCommand->handle()
#15 D:\\XAMPP\\xampp\\htdocs\\lar.tuto\\lar.tuto\\authen2\\vendor\\laravel\\framework\\src\\Illuminate\\Container\\BoundMethod.php(32): call_user_func_array(Array, Array)
#16 D:\\XAMPP\\xampp\\htdocs\\lar.tuto\\lar.tuto\\authen2\\vendor\\laravel\\framework\\src\\Illuminate\\Container\\BoundMethod.php(90): Illuminate\\Container\\BoundMethod::Illuminate\\Container\\{closure}()
#17 D:\\XAMPP\\xampp\\htdocs\\lar.tuto\\lar.tuto\\authen2\\vendor\\laravel\\framework\\src\\Illuminate\\Container\\BoundMethod.php(34): Illuminate\\Container\\BoundMethod::callBoundMethod(Object(Illuminate\\Foundation\\Application), Array, Object(Closure))
#18 D:\\XAMPP\\xampp\\htdocs\\lar.tuto\\lar.tuto\\authen2\\vendor\\laravel\\framework\\src\\Illuminate\\Container\\Container.php(580): Illuminate\\Container\\BoundMethod::call(Object(Illuminate\\Foundation\\Application), Array, Array, NULL)
#19 D:\\XAMPP\\xampp\\htdocs\\lar.tuto\\lar.tuto\\authen2\\vendor\\laravel\\framework\\src\\Illuminate\\Console\\Command.php(183): Illuminate\\Container\\Container->call(Array)
#20 D:\\XAMPP\\xampp\\htdocs\\lar.tuto\\lar.tuto\\authen2\\vendor\\symfony\\console\\Command\\Command.php(255): Illuminate\\Console\\Command->execute(Object(Symfony\\Component\\Console\\Input\\ArgvInput), Object(Illuminate\\Console\\OutputStyle))
#21 D:\\XAMPP\\xampp\\htdocs\\lar.tuto\\lar.tuto\\authen2\\vendor\\laravel\\framework\\src\\Illuminate\\Console\\Command.php(170): Symfony\\Component\\Console\\Command\\Command->run(Object(Symfony\\Component\\Console\\Input\\ArgvInput), Object(Illuminate\\Console\\OutputStyle))
#22 D:\\XAMPP\\xampp\\htdocs\\lar.tuto\\lar.tuto\\authen2\\vendor\\symfony\\console\\Application.php(908): Illuminate\\Console\\Command->run(Object(Symfony\\Component\\Console\\Input\\ArgvInput), Object(Symfony\\Component\\Console\\Output\\ConsoleOutput))
#23 D:\\XAMPP\\xampp\\htdocs\\lar.tuto\\lar.tuto\\authen2\\vendor\\symfony\\console\\Application.php(269): Symfony\\Component\\Console\\Application->doRunCommand(Object(Illuminate\\Foundation\\Console\\RouteListCommand), Object(Symfony\\Component\\Console\\Input\\ArgvInput), Object(Symfony\\Component\\Console\\Output\\ConsoleOutput))
#24 D:\\XAMPP\\xampp\\htdocs\\lar.tuto\\lar.tuto\\authen2\\vendor\\symfony\\console\\Application.php(145): Symfony\\Component\\Console\\Application->doRun(Object(Symfony\\Component\\Console\\Input\\ArgvInput), Object(Symfony\\Component\\Console\\Output\\ConsoleOutput))
#25 D:\\XAMPP\\xampp\\htdocs\\lar.tuto\\lar.tuto\\authen2\\vendor\\laravel\\framework\\src\\Illuminate\\Console\\Application.php(90): Symfony\\Component\\Console\\Application->run(Object(Symfony\\Component\\Console\\Input\\ArgvInput), Object(Symfony\\Component\\Console\\Output\\ConsoleOutput))
#26 D:\\XAMPP\\xampp\\htdocs\\lar.tuto\\lar.tuto\\authen2\\vendor\\laravel\\framework\\src\\Illuminate\\Foundation\\Console\\Kernel.php(122): Illuminate\\Console\\Application->run(Object(Symfony\\Component\\Console\\Input\\ArgvInput), Object(Symfony\\Component\\Console\\Output\\ConsoleOutput))
#27 D:\\XAMPP\\xampp\\htdocs\\lar.tuto\\lar.tuto\\authen2\\artisan(37): Illuminate\\Foundation\\Console\\Kernel->handle(Object(Symfony\\Component\\Console\\Input\\ArgvInput), Object(Symfony\\Component\\Console\\Output\\ConsoleOutput))
#28 {main}
"} 
[2019-03-04 13:20:51] local.ERROR: Class App\Http\Controllers\Auth/Admin/LoginController does not exist {"exception":"[object] (ReflectionException(code: -1): Class App\\Http\\Controllers\\Auth/Admin/LoginController does not exist at D:\\XAMPP\\xampp\\htdocs\\lar.tuto\\lar.tuto\\authen2\\vendor\\laravel\\framework\\src\\Illuminate\\Container\\Container.php:794)
[stacktrace]
#0 D:\\XAMPP\\xampp\\htdocs\\lar.tuto\\lar.tuto\\authen2\\vendor\\laravel\\framework\\src\\Illuminate\\Container\\Container.php(794): ReflectionClass->__construct('App\\\\Http\\\\Contro...')
#1 D:\\XAMPP\\xampp\\htdocs\\lar.tuto\\lar.tuto\\authen2\\vendor\\laravel\\framework\\src\\Illuminate\\Container\\Container.php(671): Illuminate\\Container\\Container->build('App\\\\Http\\\\Contro...')
#2 D:\\XAMPP\\xampp\\htdocs\\lar.tuto\\lar.tuto\\authen2\\vendor\\laravel\\framework\\src\\Illuminate\\Container\\Container.php(619): Illuminate\\Container\\Container->resolve('App\\\\Http\\\\Contro...', Array)
#3 D:\\XAMPP\\xampp\\htdocs\\lar.tuto\\lar.tuto\\authen2\\vendor\\laravel\\framework\\src\\Illuminate\\Foundation\\Application.php(757): Illuminate\\Container\\Container->make('App\\\\Http\\\\Contro...', Array)
#4 D:\\XAMPP\\xampp\\htdocs\\lar.tuto\\lar.tuto\\authen2\\vendor\\laravel\\framework\\src\\Illuminate\\Routing\\Route.php(233): Illuminate\\Foundation\\Application->make('App\\\\Http\\\\Contro...')
#5 D:\\XAMPP\\xampp\\htdocs\\lar.tuto\\lar.tuto\\authen2\\vendor\\laravel\\framework\\src\\Illuminate\\Routing\\Route.php(833): Illuminate\\Routing\\Route->getController()
#6 D:\\XAMPP\\xampp\\htdocs\\lar.tuto\\lar.tuto\\authen2\\vendor\\laravel\\framework\\src\\Illuminate\\Routing\\Route.php(794): Illuminate\\Routing\\Route->controllerMiddleware()
#7 D:\\XAMPP\\xampp\\htdocs\\lar.tuto\\lar.tuto\\authen2\\vendor\\laravel\\framework\\src\\Illuminate\\Foundation\\Console\\RouteListCommand.php(167): Illuminate\\Routing\\Route->gatherMiddleware()
#8 D:\\XAMPP\\xampp\\htdocs\\lar.tuto\\lar.tuto\\authen2\\vendor\\laravel\\framework\\src\\Illuminate\\Foundation\\Console\\RouteListCommand.php(117): Illuminate\\Foundation\\Console\\RouteListCommand->getMiddleware(Object(Illuminate\\Routing\\Route))
#9 D:\\XAMPP\\xampp\\htdocs\\lar.tuto\\lar.tuto\\authen2\\vendor\\laravel\\framework\\src\\Illuminate\\Foundation\\Console\\RouteListCommand.php(89): Illuminate\\Foundation\\Console\\RouteListCommand->getRouteInformation(Object(Illuminate\\Routing\\Route))
#10 [internal function]: Illuminate\\Foundation\\Console\\RouteListCommand->Illuminate\\Foundation\\Console\\{closure}(Object(Illuminate\\Routing\\Route), 16)
#11 D:\\XAMPP\\xampp\\htdocs\\lar.tuto\\lar.tuto\\authen2\\vendor\\laravel\\framework\\src\\Illuminate\\Support\\Collection.php(1034): array_map(Object(Closure), Array, Array)
#12 D:\\XAMPP\\xampp\\htdocs\\lar.tuto\\lar.tuto\\authen2\\vendor\\laravel\\framework\\src\\Illuminate\\Foundation\\Console\\RouteListCommand.php(90): Illuminate\\Support\\Collection->map(Object(Closure))
#13 D:\\XAMPP\\xampp\\htdocs\\lar.tuto\\lar.tuto\\authen2\\vendor\\laravel\\framework\\src\\Illuminate\\Foundation\\Console\\RouteListCommand.php(74): Illuminate\\Foundation\\Console\\RouteListCommand->getRoutes()
#14 [internal function]: Illuminate\\Foundation\\Console\\RouteListCommand->handle()
#15 D:\\XAMPP\\xampp\\htdocs\\lar.tuto\\lar.tuto\\authen2\\vendor\\laravel\\framework\\src\\Illuminate\\Container\\BoundMethod.php(32): call_user_func_array(Array, Array)
#16 D:\\XAMPP\\xampp\\htdocs\\lar.tuto\\lar.tuto\\authen2\\vendor\\laravel\\framework\\src\\Illuminate\\Container\\BoundMethod.php(90): Illuminate\\Container\\BoundMethod::Illuminate\\Container\\{closure}()
#17 D:\\XAMPP\\xampp\\htdocs\\lar.tuto\\lar.tuto\\authen2\\vendor\\laravel\\framework\\src\\Illuminate\\Container\\BoundMethod.php(34): Illuminate\\Container\\BoundMethod::callBoundMethod(Object(Illuminate\\Foundation\\Application), Array, Object(Closure))
#18 D:\\XAMPP\\xampp\\htdocs\\lar.tuto\\lar.tuto\\authen2\\vendor\\laravel\\framework\\src\\Illuminate\\Container\\Container.php(580): Illuminate\\Container\\BoundMethod::call(Object(Illuminate\\Foundation\\Application), Array, Array, NULL)
#19 D:\\XAMPP\\xampp\\htdocs\\lar.tuto\\lar.tuto\\authen2\\vendor\\laravel\\framework\\src\\Illuminate\\Console\\Command.php(183): Illuminate\\Container\\Container->call(Array)
#20 D:\\XAMPP\\xampp\\htdocs\\lar.tuto\\lar.tuto\\authen2\\vendor\\symfony\\console\\Command\\Command.php(255): Illuminate\\Console\\Command->execute(Object(Symfony\\Component\\Console\\Input\\ArgvInput), Object(Illuminate\\Console\\OutputStyle))
#21 D:\\XAMPP\\xampp\\htdocs\\lar.tuto\\lar.tuto\\authen2\\vendor\\laravel\\framework\\src\\Illuminate\\Console\\Command.php(170): Symfony\\Component\\Console\\Command\\Command->run(Object(Symfony\\Component\\Console\\Input\\ArgvInput), Object(Illuminate\\Console\\OutputStyle))
#22 D:\\XAMPP\\xampp\\htdocs\\lar.tuto\\lar.tuto\\authen2\\vendor\\symfony\\console\\Application.php(908): Illuminate\\Console\\Command->run(Object(Symfony\\Component\\Console\\Input\\ArgvInput), Object(Symfony\\Component\\Console\\Output\\ConsoleOutput))
#23 D:\\XAMPP\\xampp\\htdocs\\lar.tuto\\lar.tuto\\authen2\\vendor\\symfony\\console\\Application.php(269): Symfony\\Component\\Console\\Application->doRunCommand(Object(Illuminate\\Foundation\\Console\\RouteListCommand), Object(Symfony\\Component\\Console\\Input\\ArgvInput), Object(Symfony\\Component\\Console\\Output\\ConsoleOutput))
#24 D:\\XAMPP\\xampp\\htdocs\\lar.tuto\\lar.tuto\\authen2\\vendor\\symfony\\console\\Application.php(145): Symfony\\Component\\Console\\Application->doRun(Object(Symfony\\Component\\Console\\Input\\ArgvInput), Object(Symfony\\Component\\Console\\Output\\ConsoleOutput))
#25 D:\\XAMPP\\xampp\\htdocs\\lar.tuto\\lar.tuto\\authen2\\vendor\\laravel\\framework\\src\\Illuminate\\Console\\Application.php(90): Symfony\\Component\\Console\\Application->run(Object(Symfony\\Component\\Console\\Input\\ArgvInput), Object(Symfony\\Component\\Console\\Output\\ConsoleOutput))
#26 D:\\XAMPP\\xampp\\htdocs\\lar.tuto\\lar.tuto\\authen2\\vendor\\laravel\\framework\\src\\Illuminate\\Foundation\\Console\\Kernel.php(122): Illuminate\\Console\\Application->run(Object(Symfony\\Component\\Console\\Input\\ArgvInput), Object(Symfony\\Component\\Console\\Output\\ConsoleOutput))
#27 D:\\XAMPP\\xampp\\htdocs\\lar.tuto\\lar.tuto\\authen2\\artisan(37): Illuminate\\Foundation\\Console\\Kernel->handle(Object(Symfony\\Component\\Console\\Input\\ArgvInput), Object(Symfony\\Component\\Console\\Output\\ConsoleOutput))
#28 {main}
"} 
[2019-03-04 13:24:14] local.ERROR: Class App\Http\Controllers\Auth/Admin/LoginController does not exist {"exception":"[object] (ReflectionException(code: -1): Class App\\Http\\Controllers\\Auth/Admin/LoginController does not exist at D:\\XAMPP\\xampp\\htdocs\\lar.tuto\\lar.tuto\\authen2\\vendor\\laravel\\framework\\src\\Illuminate\\Container\\Container.php:794)
[stacktrace]
#0 D:\\XAMPP\\xampp\\htdocs\\lar.tuto\\lar.tuto\\authen2\\vendor\\laravel\\framework\\src\\Illuminate\\Container\\Container.php(794): ReflectionClass->__construct('App\\\\Http\\\\Contro...')
#1 D:\\XAMPP\\xampp\\htdocs\\lar.tuto\\lar.tuto\\authen2\\vendor\\laravel\\framework\\src\\Illuminate\\Container\\Container.php(671): Illuminate\\Container\\Container->build('App\\\\Http\\\\Contro...')
#2 D:\\XAMPP\\xampp\\htdocs\\lar.tuto\\lar.tuto\\authen2\\vendor\\laravel\\framework\\src\\Illuminate\\Container\\Container.php(619): Illuminate\\Container\\Container->resolve('App\\\\Http\\\\Contro...', Array)
#3 D:\\XAMPP\\xampp\\htdocs\\lar.tuto\\lar.tuto\\authen2\\vendor\\laravel\\framework\\src\\Illuminate\\Foundation\\Application.php(757): Illuminate\\Container\\Container->make('App\\\\Http\\\\Contro...', Array)
#4 D:\\XAMPP\\xampp\\htdocs\\lar.tuto\\lar.tuto\\authen2\\vendor\\laravel\\framework\\src\\Illuminate\\Routing\\Route.php(233): Illuminate\\Foundation\\Application->make('App\\\\Http\\\\Contro...')
#5 D:\\XAMPP\\xampp\\htdocs\\lar.tuto\\lar.tuto\\authen2\\vendor\\laravel\\framework\\src\\Illuminate\\Routing\\Route.php(833): Illuminate\\Routing\\Route->getController()
#6 D:\\XAMPP\\xampp\\htdocs\\lar.tuto\\lar.tuto\\authen2\\vendor\\laravel\\framework\\src\\Illuminate\\Routing\\Route.php(794): Illuminate\\Routing\\Route->controllerMiddleware()
#7 D:\\XAMPP\\xampp\\htdocs\\lar.tuto\\lar.tuto\\authen2\\vendor\\laravel\\framework\\src\\Illuminate\\Foundation\\Console\\RouteListCommand.php(167): Illuminate\\Routing\\Route->gatherMiddleware()
#8 D:\\XAMPP\\xampp\\htdocs\\lar.tuto\\lar.tuto\\authen2\\vendor\\laravel\\framework\\src\\Illuminate\\Foundation\\Console\\RouteListCommand.php(117): Illuminate\\Foundation\\Console\\RouteListCommand->getMiddleware(Object(Illuminate\\Routing\\Route))
#9 D:\\XAMPP\\xampp\\htdocs\\lar.tuto\\lar.tuto\\authen2\\vendor\\laravel\\framework\\src\\Illuminate\\Foundation\\Console\\RouteListCommand.php(89): Illuminate\\Foundation\\Console\\RouteListCommand->getRouteInformation(Object(Illuminate\\Routing\\Route))
#10 [internal function]: Illuminate\\Foundation\\Console\\RouteListCommand->Illuminate\\Foundation\\Console\\{closure}(Object(Illuminate\\Routing\\Route), 16)
#11 D:\\XAMPP\\xampp\\htdocs\\lar.tuto\\lar.tuto\\authen2\\vendor\\laravel\\framework\\src\\Illuminate\\Support\\Collection.php(1034): array_map(Object(Closure), Array, Array)
#12 D:\\XAMPP\\xampp\\htdocs\\lar.tuto\\lar.tuto\\authen2\\vendor\\laravel\\framework\\src\\Illuminate\\Foundation\\Console\\RouteListCommand.php(90): Illuminate\\Support\\Collection->map(Object(Closure))
#13 D:\\XAMPP\\xampp\\htdocs\\lar.tuto\\lar.tuto\\authen2\\vendor\\laravel\\framework\\src\\Illuminate\\Foundation\\Console\\RouteListCommand.php(74): Illuminate\\Foundation\\Console\\RouteListCommand->getRoutes()
#14 [internal function]: Illuminate\\Foundation\\Console\\RouteListCommand->handle()
#15 D:\\XAMPP\\xampp\\htdocs\\lar.tuto\\lar.tuto\\authen2\\vendor\\laravel\\framework\\src\\Illuminate\\Container\\BoundMethod.php(32): call_user_func_array(Array, Array)
#16 D:\\XAMPP\\xampp\\htdocs\\lar.tuto\\lar.tuto\\authen2\\vendor\\laravel\\framework\\src\\Illuminate\\Container\\BoundMethod.php(90): Illuminate\\Container\\BoundMethod::Illuminate\\Container\\{closure}()
#17 D:\\XAMPP\\xampp\\htdocs\\lar.tuto\\lar.tuto\\authen2\\vendor\\laravel\\framework\\src\\Illuminate\\Container\\BoundMethod.php(34): Illuminate\\Container\\BoundMethod::callBoundMethod(Object(Illuminate\\Foundation\\Application), Array, Object(Closure))
#18 D:\\XAMPP\\xampp\\htdocs\\lar.tuto\\lar.tuto\\authen2\\vendor\\laravel\\framework\\src\\Illuminate\\Container\\Container.php(580): Illuminate\\Container\\BoundMethod::call(Object(Illuminate\\Foundation\\Application), Array, Array, NULL)
#19 D:\\XAMPP\\xampp\\htdocs\\lar.tuto\\lar.tuto\\authen2\\vendor\\laravel\\framework\\src\\Illuminate\\Console\\Command.php(183): Illuminate\\Container\\Container->call(Array)
#20 D:\\XAMPP\\xampp\\htdocs\\lar.tuto\\lar.tuto\\authen2\\vendor\\symfony\\console\\Command\\Command.php(255): Illuminate\\Console\\Command->execute(Object(Symfony\\Component\\Console\\Input\\ArgvInput), Object(Illuminate\\Console\\OutputStyle))
#21 D:\\XAMPP\\xampp\\htdocs\\lar.tuto\\lar.tuto\\authen2\\vendor\\laravel\\framework\\src\\Illuminate\\Console\\Command.php(170): Symfony\\Component\\Console\\Command\\Command->run(Object(Symfony\\Component\\Console\\Input\\ArgvInput), Object(Illuminate\\Console\\OutputStyle))
#22 D:\\XAMPP\\xampp\\htdocs\\lar.tuto\\lar.tuto\\authen2\\vendor\\symfony\\console\\Application.php(908): Illuminate\\Console\\Command->run(Object(Symfony\\Component\\Console\\Input\\ArgvInput), Object(Symfony\\Component\\Console\\Output\\ConsoleOutput))
#23 D:\\XAMPP\\xampp\\htdocs\\lar.tuto\\lar.tuto\\authen2\\vendor\\symfony\\console\\Application.php(269): Symfony\\Component\\Console\\Application->doRunCommand(Object(Illuminate\\Foundation\\Console\\RouteListCommand), Object(Symfony\\Component\\Console\\Input\\ArgvInput), Object(Symfony\\Component\\Console\\Output\\ConsoleOutput))
#24 D:\\XAMPP\\xampp\\htdocs\\lar.tuto\\lar.tuto\\authen2\\vendor\\symfony\\console\\Application.php(145): Symfony\\Component\\Console\\Application->doRun(Object(Symfony\\Component\\Console\\Input\\ArgvInput), Object(Symfony\\Component\\Console\\Output\\ConsoleOutput))
#25 D:\\XAMPP\\xampp\\htdocs\\lar.tuto\\lar.tuto\\authen2\\vendor\\laravel\\framework\\src\\Illuminate\\Console\\Application.php(90): Symfony\\Component\\Console\\Application->run(Object(Symfony\\Component\\Console\\Input\\ArgvInput), Object(Symfony\\Component\\Console\\Output\\ConsoleOutput))
#26 D:\\XAMPP\\xampp\\htdocs\\lar.tuto\\lar.tuto\\authen2\\vendor\\laravel\\framework\\src\\Illuminate\\Foundation\\Console\\Kernel.php(122): Illuminate\\Console\\Application->run(Object(Symfony\\Component\\Console\\Input\\ArgvInput), Object(Symfony\\Component\\Console\\Output\\ConsoleOutput))
#27 D:\\XAMPP\\xampp\\htdocs\\lar.tuto\\lar.tuto\\authen2\\artisan(37): Illuminate\\Foundation\\Console\\Kernel->handle(Object(Symfony\\Component\\Console\\Input\\ArgvInput), Object(Symfony\\Component\\Console\\Output\\ConsoleOutput))
#28 {main}
"} 
[2019-03-04 13:26:50] local.ERROR: Class App\Http\Controllers\Auth/Admin/LoginController does not exist {"exception":"[object] (ReflectionException(code: -1): Class App\\Http\\Controllers\\Auth/Admin/LoginController does not exist at D:\\XAMPP\\xampp\\htdocs\\lar.tuto\\lar.tuto\\authen2\\vendor\\laravel\\framework\\src\\Illuminate\\Container\\Container.php:794)
[stacktrace]
#0 D:\\XAMPP\\xampp\\htdocs\\lar.tuto\\lar.tuto\\authen2\\vendor\\laravel\\framework\\src\\Illuminate\\Container\\Container.php(794): ReflectionClass->__construct('App\\\\Http\\\\Contro...')
#1 D:\\XAMPP\\xampp\\htdocs\\lar.tuto\\lar.tuto\\authen2\\vendor\\laravel\\framework\\src\\Illuminate\\Container\\Container.php(671): Illuminate\\Container\\Container->build('App\\\\Http\\\\Contro...')
#2 D:\\XAMPP\\xampp\\htdocs\\lar.tuto\\lar.tuto\\authen2\\vendor\\laravel\\framework\\src\\Illuminate\\Container\\Container.php(619): Illuminate\\Container\\Container->resolve('App\\\\Http\\\\Contro...', Array)
#3 D:\\XAMPP\\xampp\\htdocs\\lar.tuto\\lar.tuto\\authen2\\vendor\\laravel\\framework\\src\\Illuminate\\Foundation\\Application.php(757): Illuminate\\Container\\Container->make('App\\\\Http\\\\Contro...', Array)
#4 D:\\XAMPP\\xampp\\htdocs\\lar.tuto\\lar.tuto\\authen2\\vendor\\laravel\\framework\\src\\Illuminate\\Routing\\Route.php(233): Illuminate\\Foundation\\Application->make('App\\\\Http\\\\Contro...')
#5 D:\\XAMPP\\xampp\\htdocs\\lar.tuto\\lar.tuto\\authen2\\vendor\\laravel\\framework\\src\\Illuminate\\Routing\\Route.php(833): Illuminate\\Routing\\Route->getController()
#6 D:\\XAMPP\\xampp\\htdocs\\lar.tuto\\lar.tuto\\authen2\\vendor\\laravel\\framework\\src\\Illuminate\\Routing\\Route.php(794): Illuminate\\Routing\\Route->controllerMiddleware()
#7 D:\\XAMPP\\xampp\\htdocs\\lar.tuto\\lar.tuto\\authen2\\vendor\\laravel\\framework\\src\\Illuminate\\Foundation\\Console\\RouteListCommand.php(167): Illuminate\\Routing\\Route->gatherMiddleware()
#8 D:\\XAMPP\\xampp\\htdocs\\lar.tuto\\lar.tuto\\authen2\\vendor\\laravel\\framework\\src\\Illuminate\\Foundation\\Console\\RouteListCommand.php(117): Illuminate\\Foundation\\Console\\RouteListCommand->getMiddleware(Object(Illuminate\\Routing\\Route))
#9 D:\\XAMPP\\xampp\\htdocs\\lar.tuto\\lar.tuto\\authen2\\vendor\\laravel\\framework\\src\\Illuminate\\Foundation\\Console\\RouteListCommand.php(89): Illuminate\\Foundation\\Console\\RouteListCommand->getRouteInformation(Object(Illuminate\\Routing\\Route))
#10 [internal function]: Illuminate\\Foundation\\Console\\RouteListCommand->Illuminate\\Foundation\\Console\\{closure}(Object(Illuminate\\Routing\\Route), 16)
#11 D:\\XAMPP\\xampp\\htdocs\\lar.tuto\\lar.tuto\\authen2\\vendor\\laravel\\framework\\src\\Illuminate\\Support\\Collection.php(1034): array_map(Object(Closure), Array, Array)
#12 D:\\XAMPP\\xampp\\htdocs\\lar.tuto\\lar.tuto\\authen2\\vendor\\laravel\\framework\\src\\Illuminate\\Foundation\\Console\\RouteListCommand.php(90): Illuminate\\Support\\Collection->map(Object(Closure))
#13 D:\\XAMPP\\xampp\\htdocs\\lar.tuto\\lar.tuto\\authen2\\vendor\\laravel\\framework\\src\\Illuminate\\Foundation\\Console\\RouteListCommand.php(74): Illuminate\\Foundation\\Console\\RouteListCommand->getRoutes()
#14 [internal function]: Illuminate\\Foundation\\Console\\RouteListCommand->handle()
#15 D:\\XAMPP\\xampp\\htdocs\\lar.tuto\\lar.tuto\\authen2\\vendor\\laravel\\framework\\src\\Illuminate\\Container\\BoundMethod.php(32): call_user_func_array(Array, Array)
#16 D:\\XAMPP\\xampp\\htdocs\\lar.tuto\\lar.tuto\\authen2\\vendor\\laravel\\framework\\src\\Illuminate\\Container\\BoundMethod.php(90): Illuminate\\Container\\BoundMethod::Illuminate\\Container\\{closure}()
#17 D:\\XAMPP\\xampp\\htdocs\\lar.tuto\\lar.tuto\\authen2\\vendor\\laravel\\framework\\src\\Illuminate\\Container\\BoundMethod.php(34): Illuminate\\Container\\BoundMethod::callBoundMethod(Object(Illuminate\\Foundation\\Application), Array, Object(Closure))
#18 D:\\XAMPP\\xampp\\htdocs\\lar.tuto\\lar.tuto\\authen2\\vendor\\laravel\\framework\\src\\Illuminate\\Container\\Container.php(580): Illuminate\\Container\\BoundMethod::call(Object(Illuminate\\Foundation\\Application), Array, Array, NULL)
#19 D:\\XAMPP\\xampp\\htdocs\\lar.tuto\\lar.tuto\\authen2\\vendor\\laravel\\framework\\src\\Illuminate\\Console\\Command.php(183): Illuminate\\Container\\Container->call(Array)
#20 D:\\XAMPP\\xampp\\htdocs\\lar.tuto\\lar.tuto\\authen2\\vendor\\symfony\\console\\Command\\Command.php(255): Illuminate\\Console\\Command->execute(Object(Symfony\\Component\\Console\\Input\\ArgvInput), Object(Illuminate\\Console\\OutputStyle))
#21 D:\\XAMPP\\xampp\\htdocs\\lar.tuto\\lar.tuto\\authen2\\vendor\\laravel\\framework\\src\\Illuminate\\Console\\Command.php(170): Symfony\\Component\\Console\\Command\\Command->run(Object(Symfony\\Component\\Console\\Input\\ArgvInput), Object(Illuminate\\Console\\OutputStyle))
#22 D:\\XAMPP\\xampp\\htdocs\\lar.tuto\\lar.tuto\\authen2\\vendor\\symfony\\console\\Application.php(908): Illuminate\\Console\\Command->run(Object(Symfony\\Component\\Console\\Input\\ArgvInput), Object(Symfony\\Component\\Console\\Output\\ConsoleOutput))
#23 D:\\XAMPP\\xampp\\htdocs\\lar.tuto\\lar.tuto\\authen2\\vendor\\symfony\\console\\Application.php(269): Symfony\\Component\\Console\\Application->doRunCommand(Object(Illuminate\\Foundation\\Console\\RouteListCommand), Object(Symfony\\Component\\Console\\Input\\ArgvInput), Object(Symfony\\Component\\Console\\Output\\ConsoleOutput))
#24 D:\\XAMPP\\xampp\\htdocs\\lar.tuto\\lar.tuto\\authen2\\vendor\\symfony\\console\\Application.php(145): Symfony\\Component\\Console\\Application->doRun(Object(Symfony\\Component\\Console\\Input\\ArgvInput), Object(Symfony\\Component\\Console\\Output\\ConsoleOutput))
#25 D:\\XAMPP\\xampp\\htdocs\\lar.tuto\\lar.tuto\\authen2\\vendor\\laravel\\framework\\src\\Illuminate\\Console\\Application.php(90): Symfony\\Component\\Console\\Application->run(Object(Symfony\\Component\\Console\\Input\\ArgvInput), Object(Symfony\\Component\\Console\\Output\\ConsoleOutput))
#26 D:\\XAMPP\\xampp\\htdocs\\lar.tuto\\lar.tuto\\authen2\\vendor\\laravel\\framework\\src\\Illuminate\\Foundation\\Console\\Kernel.php(122): Illuminate\\Console\\Application->run(Object(Symfony\\Component\\Console\\Input\\ArgvInput), Object(Symfony\\Component\\Console\\Output\\ConsoleOutput))
#27 D:\\XAMPP\\xampp\\htdocs\\lar.tuto\\lar.tuto\\authen2\\artisan(37): Illuminate\\Foundation\\Console\\Kernel->handle(Object(Symfony\\Component\\Console\\Input\\ArgvInput), Object(Symfony\\Component\\Console\\Output\\ConsoleOutput))
#28 {main}
"} 
[2019-03-04 13:28:56] local.ERROR: Class App\Http\Controllers\Auth/Admin/LoginController does not exist {"exception":"[object] (ReflectionException(code: -1): Class App\\Http\\Controllers\\Auth/Admin/LoginController does not exist at D:\\XAMPP\\xampp\\htdocs\\lar.tuto\\lar.tuto\\authen2\\vendor\\laravel\\framework\\src\\Illuminate\\Container\\Container.php:794)
[stacktrace]
#0 D:\\XAMPP\\xampp\\htdocs\\lar.tuto\\lar.tuto\\authen2\\vendor\\laravel\\framework\\src\\Illuminate\\Container\\Container.php(794): ReflectionClass->__construct('App\\\\Http\\\\Contro...')
#1 D:\\XAMPP\\xampp\\htdocs\\lar.tuto\\lar.tuto\\authen2\\vendor\\laravel\\framework\\src\\Illuminate\\Container\\Container.php(671): Illuminate\\Container\\Container->build('App\\\\Http\\\\Contro...')
#2 D:\\XAMPP\\xampp\\htdocs\\lar.tuto\\lar.tuto\\authen2\\vendor\\laravel\\framework\\src\\Illuminate\\Container\\Container.php(619): Illuminate\\Container\\Container->resolve('App\\\\Http\\\\Contro...', Array)
#3 D:\\XAMPP\\xampp\\htdocs\\lar.tuto\\lar.tuto\\authen2\\vendor\\laravel\\framework\\src\\Illuminate\\Foundation\\Application.php(757): Illuminate\\Container\\Container->make('App\\\\Http\\\\Contro...', Array)
#4 D:\\XAMPP\\xampp\\htdocs\\lar.tuto\\lar.tuto\\authen2\\vendor\\laravel\\framework\\src\\Illuminate\\Routing\\Route.php(233): Illuminate\\Foundation\\Application->make('App\\\\Http\\\\Contro...')
#5 D:\\XAMPP\\xampp\\htdocs\\lar.tuto\\lar.tuto\\authen2\\vendor\\laravel\\framework\\src\\Illuminate\\Routing\\Route.php(833): Illuminate\\Routing\\Route->getController()
#6 D:\\XAMPP\\xampp\\htdocs\\lar.tuto\\lar.tuto\\authen2\\vendor\\laravel\\framework\\src\\Illuminate\\Routing\\Route.php(794): Illuminate\\Routing\\Route->controllerMiddleware()
#7 D:\\XAMPP\\xampp\\htdocs\\lar.tuto\\lar.tuto\\authen2\\vendor\\laravel\\framework\\src\\Illuminate\\Foundation\\Console\\RouteListCommand.php(167): Illuminate\\Routing\\Route->gatherMiddleware()
#8 D:\\XAMPP\\xampp\\htdocs\\lar.tuto\\lar.tuto\\authen2\\vendor\\laravel\\framework\\src\\Illuminate\\Foundation\\Console\\RouteListCommand.php(117): Illuminate\\Foundation\\Console\\RouteListCommand->getMiddleware(Object(Illuminate\\Routing\\Route))
#9 D:\\XAMPP\\xampp\\htdocs\\lar.tuto\\lar.tuto\\authen2\\vendor\\laravel\\framework\\src\\Illuminate\\Foundation\\Console\\RouteListCommand.php(89): Illuminate\\Foundation\\Console\\RouteListCommand->getRouteInformation(Object(Illuminate\\Routing\\Route))
#10 [internal function]: Illuminate\\Foundation\\Console\\RouteListCommand->Illuminate\\Foundation\\Console\\{closure}(Object(Illuminate\\Routing\\Route), 16)
#11 D:\\XAMPP\\xampp\\htdocs\\lar.tuto\\lar.tuto\\authen2\\vendor\\laravel\\framework\\src\\Illuminate\\Support\\Collection.php(1034): array_map(Object(Closure), Array, Array)
#12 D:\\XAMPP\\xampp\\htdocs\\lar.tuto\\lar.tuto\\authen2\\vendor\\laravel\\framework\\src\\Illuminate\\Foundation\\Console\\RouteListCommand.php(90): Illuminate\\Support\\Collection->map(Object(Closure))
#13 D:\\XAMPP\\xampp\\htdocs\\lar.tuto\\lar.tuto\\authen2\\vendor\\laravel\\framework\\src\\Illuminate\\Foundation\\Console\\RouteListCommand.php(74): Illuminate\\Foundation\\Console\\RouteListCommand->getRoutes()
#14 [internal function]: Illuminate\\Foundation\\Console\\RouteListCommand->handle()
#15 D:\\XAMPP\\xampp\\htdocs\\lar.tuto\\lar.tuto\\authen2\\vendor\\laravel\\framework\\src\\Illuminate\\Container\\BoundMethod.php(32): call_user_func_array(Array, Array)
#16 D:\\XAMPP\\xampp\\htdocs\\lar.tuto\\lar.tuto\\authen2\\vendor\\laravel\\framework\\src\\Illuminate\\Container\\BoundMethod.php(90): Illuminate\\Container\\BoundMethod::Illuminate\\Container\\{closure}()
#17 D:\\XAMPP\\xampp\\htdocs\\lar.tuto\\lar.tuto\\authen2\\vendor\\laravel\\framework\\src\\Illuminate\\Container\\BoundMethod.php(34): Illuminate\\Container\\BoundMethod::callBoundMethod(Object(Illuminate\\Foundation\\Application), Array, Object(Closure))
#18 D:\\XAMPP\\xampp\\htdocs\\lar.tuto\\lar.tuto\\authen2\\vendor\\laravel\\framework\\src\\Illuminate\\Container\\Container.php(580): Illuminate\\Container\\BoundMethod::call(Object(Illuminate\\Foundation\\Application), Array, Array, NULL)
#19 D:\\XAMPP\\xampp\\htdocs\\lar.tuto\\lar.tuto\\authen2\\vendor\\laravel\\framework\\src\\Illuminate\\Console\\Command.php(183): Illuminate\\Container\\Container->call(Array)
#20 D:\\XAMPP\\xampp\\htdocs\\lar.tuto\\lar.tuto\\authen2\\vendor\\symfony\\console\\Command\\Command.php(255): Illuminate\\Console\\Command->execute(Object(Symfony\\Component\\Console\\Input\\ArgvInput), Object(Illuminate\\Console\\OutputStyle))
#21 D:\\XAMPP\\xampp\\htdocs\\lar.tuto\\lar.tuto\\authen2\\vendor\\laravel\\framework\\src\\Illuminate\\Console\\Command.php(170): Symfony\\Component\\Console\\Command\\Command->run(Object(Symfony\\Component\\Console\\Input\\ArgvInput), Object(Illuminate\\Console\\OutputStyle))
#22 D:\\XAMPP\\xampp\\htdocs\\lar.tuto\\lar.tuto\\authen2\\vendor\\symfony\\console\\Application.php(908): Illuminate\\Console\\Command->run(Object(Symfony\\Component\\Console\\Input\\ArgvInput), Object(Symfony\\Component\\Console\\Output\\ConsoleOutput))
#23 D:\\XAMPP\\xampp\\htdocs\\lar.tuto\\lar.tuto\\authen2\\vendor\\symfony\\console\\Application.php(269): Symfony\\Component\\Console\\Application->doRunCommand(Object(Illuminate\\Foundation\\Console\\RouteListCommand), Object(Symfony\\Component\\Console\\Input\\ArgvInput), Object(Symfony\\Component\\Console\\Output\\ConsoleOutput))
#24 D:\\XAMPP\\xampp\\htdocs\\lar.tuto\\lar.tuto\\authen2\\vendor\\symfony\\console\\Application.php(145): Symfony\\Component\\Console\\Application->doRun(Object(Symfony\\Component\\Console\\Input\\ArgvInput), Object(Symfony\\Component\\Console\\Output\\ConsoleOutput))
#25 D:\\XAMPP\\xampp\\htdocs\\lar.tuto\\lar.tuto\\authen2\\vendor\\laravel\\framework\\src\\Illuminate\\Console\\Application.php(90): Symfony\\Component\\Console\\Application->run(Object(Symfony\\Component\\Console\\Input\\ArgvInput), Object(Symfony\\Component\\Console\\Output\\ConsoleOutput))
#26 D:\\XAMPP\\xampp\\htdocs\\lar.tuto\\lar.tuto\\authen2\\vendor\\laravel\\framework\\src\\Illuminate\\Foundation\\Console\\Kernel.php(122): Illuminate\\Console\\Application->run(Object(Symfony\\Component\\Console\\Input\\ArgvInput), Object(Symfony\\Component\\Console\\Output\\ConsoleOutput))
#27 D:\\XAMPP\\xampp\\htdocs\\lar.tuto\\lar.tuto\\authen2\\artisan(37): Illuminate\\Foundation\\Console\\Kernel->handle(Object(Symfony\\Component\\Console\\Input\\ArgvInput), Object(Symfony\\Component\\Console\\Output\\ConsoleOutput))
#28 {main}
"} 
